<?xml version="1.0" encoding="UTF-8"?>
<testsuite name="fr.ych.userstory.banking_portal.AppTest" time="0.005" tests="1" errors="0" skipped="0" failures="0">
  <properties>
    <property name="java.runtime.name" value="Java(TM) SE Runtime Environment"/>
    <property name="sun.boot.library.path" value="C:\PLATEFORME\TOOLS\jdk8\jre\bin"/>
    <property name="java.vm.version" value="25.131-b11"/>
    <property name="java.vm.vendor" value="Oracle Corporation"/>
    <property name="maven.multiModuleProjectDirectory" value="C:\PLATEFORME\JAVASPACE\workspace\banking-portal"/>
    <property name="java.vendor.url" value="http://java.oracle.com/"/>
    <property name="path.separator" value=";"/>
    <property name="guice.disable.misplaced.annotation.check" value="true"/>
    <property name="java.vm.name" value="Java HotSpot(TM) 64-Bit Server VM"/>
    <property name="file.encoding.pkg" value="sun.io"/>
    <property name="user.script" value=""/>
    <property name="user.country" value="FR"/>
    <property name="sun.java.launcher" value="SUN_STANDARD"/>
    <property name="sun.os.patch.level" value=""/>
    <property name="java.vm.specification.name" value="Java Virtual Machine Specification"/>
    <property name="user.dir" value="C:\PLATEFORME\JAVASPACE\workspace\banking-portal"/>
    <property name="java.runtime.version" value="1.8.0_131-b11"/>
    <property name="java.awt.graphicsenv" value="sun.awt.Win32GraphicsEnvironment"/>
    <property name="java.endorsed.dirs" value="C:\PLATEFORME\TOOLS\jdk8\jre\lib\endorsed"/>
    <property name="os.arch" value="amd64"/>
    <property name="java.io.tmpdir" value="C:\Users\UTILIS~1\AppData\Local\Temp\"/>
    <property name="line.separator" value="&#10;"/>
    <property name="java.vm.specification.vendor" value="Oracle Corporation"/>
    <property name="user.variant" value=""/>
    <property name="os.name" value="Windows 10"/>
    <property name="classworlds.conf" value="C:\PLATEFORME\JAVASPACE\workspace\.metadata\.plugins\org.eclipse.m2e.launching\launches\m2conf3791958083005278122.tmp"/>
    <property name="sun.jnu.encoding" value="Cp1252"/>
    <property name="java.library.path" value="C:\PLATEFORME\TOOLS\jdk8\bin;C:\WINDOWS\Sun\Java\bin;C:\WINDOWS\system32;C:\WINDOWS;C:/Program Files/Java/jre1.8.0_131/bin/server;C:/Program Files/Java/jre1.8.0_131/bin;C:/Program Files/Java/jre1.8.0_131/lib/amd64;C:\Intel\OpenCL\sdk\bin\x64;C:\Intel\OpenCL\sdk\bin\x86;C:\Intel\OpenCL\sdk\bin\Pin;C:\Intel\OpenCL\sdk\bin\GTPin;C:\Users\Utilisateur\AMD APP SDK\2.9-1\bin\x86_64;C:\Users\Utilisateur\AMD APP SDK\2.9-1\bin\x86;C:\Program Files (x86)\AMD APP SDK\2.9-1\bin\x86_64;C:\Program Files (x86)\AMD APP SDK\2.9-1\bin\x86;C:\Program Files\NVIDIA GPU Computing Toolkit\CUDA\v9.0\bin;C:\Program Files\NVIDIA GPU Computing Toolkit\CUDA\v9.0\libnvvp;C:\ProgramData\Oracle\Java\javapath;C:\WINDOWS\system32;C:\WINDOWS;C:\WINDOWS\System32\Wbem;C:\WINDOWS\System32\WindowsPowerShell\v1.0\;C:\workspace\tools\PuTTY\;C:\PLATEFORME\TOOLS\GnuWin32\bin;C:\PLATEFORME\TOOLS\erl8.3\bin;C:\PLATEFORME\TOOLS\Python27;C:\PLATEFORME\TOOLS\libxslt-1.1.28-win32-x86_64\bin;C:\PLATEFORME\TOOLS\libxml2-2.9.3-win32-x86_64\bin;C:\PLATEFORME\TOOLS\zlib-1.2.8-win32-x86_64\bin;C:\PLATEFORME\TOOLS\iconv-1.14-win32-x86_64\bin;C:\PLATEFORME\electronique\Geth;C:\Program Files\CMake\bin;C:\PLATEFORME\TOOLS\nodejs\;C:\WINDOWS\system32;C:\WINDOWS;C:\WINDOWS\System32\Wbem;C:\WINDOWS\System32\WindowsPowerShell\v1.0\;C:\Program Files (x86)\GTK2-Runtime\bin;C:\WINDOWS\System32\OpenSSH\;C:\Program Files\MiKTeX 2.9\miktex\bin\x64\;C:\Plateforme\electronique\GNUToolsARMEmbedded\6-2017-q2-update\bin;C:\Users\Utilisateur\AppData\Local\Microsoft\WindowsApps;C:\Users\Utilisateur\AppData\Local\GitHubDesktop\bin;C:\Users\Utilisateur\AppData\Local\Microsoft\WindowsApps;C:\PLATEFORME\TOOLS\apache-ant-1.10.1\bin;C:\Users\Utilisateur\Downloads\ZeroBraneStudioEduPack-1.60-win32\bin;C:\Users\Utilisateur\AppData\Local\Android\Sdk\platform-tools;C:\cygwin64\bin;C:\Users\Utilisateur\AppData\Roaming\npm;;C:\PLATEFORME\TOOLS\ide\jee-oxygen\eclipse;;."/>
    <property name="java.specification.name" value="Java Platform API Specification"/>
    <property name="java.class.version" value="52.0"/>
    <property name="sun.management.compiler" value="HotSpot 64-Bit Tiered Compilers"/>
    <property name="os.version" value="10.0"/>
    <property name="library.jansi.path" value="C:\PLATEFORME\JAVASPACE\apache-maven-3.5.0\lib\jansi-native\windows64"/>
    <property name="user.home" value="C:\Users\Utilisateur"/>
    <property name="user.timezone" value="Europe/Paris"/>
    <property name="java.awt.printerjob" value="sun.awt.windows.WPrinterJob"/>
    <property name="java.specification.version" value="1.8"/>
    <property name="file.encoding" value="Cp1252"/>
    <property name="user.name" value="Utilisateur"/>
    <property name="java.class.path" value="C:\PLATEFORME\JAVASPACE\apache-maven-3.5.0\boot\plexus-classworlds-2.5.2.jar"/>
    <property name="java.vm.specification.version" value="1.8"/>
    <property name="sun.arch.data.model" value="64"/>
    <property name="java.home" value="C:\PLATEFORME\TOOLS\jdk8\jre"/>
    <property name="sun.java.command" value="org.codehaus.plexus.classworlds.launcher.Launcher -B clean install"/>
    <property name="java.specification.vendor" value="Oracle Corporation"/>
    <property name="user.language" value="fr"/>
    <property name="awt.toolkit" value="sun.awt.windows.WToolkit"/>
    <property name="java.vm.info" value="mixed mode"/>
    <property name="java.version" value="1.8.0_131"/>
    <property name="java.ext.dirs" value="C:\PLATEFORME\TOOLS\jdk8\jre\lib\ext;C:\WINDOWS\Sun\Java\lib\ext"/>
    <property name="sun.boot.class.path" value="C:\PLATEFORME\TOOLS\jdk8\jre\lib\resources.jar;C:\PLATEFORME\TOOLS\jdk8\jre\lib\rt.jar;C:\PLATEFORME\TOOLS\jdk8\jre\lib\sunrsasign.jar;C:\PLATEFORME\TOOLS\jdk8\jre\lib\jsse.jar;C:\PLATEFORME\TOOLS\jdk8\jre\lib\jce.jar;C:\PLATEFORME\TOOLS\jdk8\jre\lib\charsets.jar;C:\PLATEFORME\TOOLS\jdk8\jre\lib\jfr.jar;C:\PLATEFORME\TOOLS\jdk8\jre\classes"/>
    <property name="java.vendor" value="Oracle Corporation"/>
    <property name="maven.home" value="C:\PLATEFORME\JAVASPACE\apache-maven-3.5.0"/>
    <property name="file.separator" value="\"/>
    <property name="java.vendor.url.bug" value="http://bugreport.sun.com/bugreport/"/>
    <property name="sun.cpu.endian" value="little"/>
    <property name="sun.io.unicode.encoding" value="UnicodeLittle"/>
    <property name="sun.desktop" value="windows"/>
    <property name="sun.cpu.isalist" value="amd64"/>
  </properties>
  <testcase name="testApp" classname="fr.ych.userstory.banking_portal.AppTest" time="0.005"/>
</testsuite>